<?xml version="1.0" encoding="UTF-8"?>
<!-- Generated by org.testng.reporters.JUnitReportReporter -->
<testsuite hostname="Sakib" failures="0" tests="1" name="Amazon2factorAuth.GenerateEmail" time="23.175" errors="0" timestamp="2024-11-04T20:16:49 BDT" skipped="0">
  <testcase classname="Amazon2factorAuth.GenerateEmail" name="verifyConfirmationEmail" time="23.175"/>
  <system-out/>
</testsuite> <!-- Amazon2factorAuth.GenerateEmail -->
